
Copyright (C) 1994-2023 Synopsys, Inc.
This Synopsys software and all associated documentation are proprietary to Synopsys, Inc.
and may only be used pursuant to the terms and conditions of a written license agreement
with Synopsys, Inc. All other use, reproduction, modification, or distribution of the
Synopsys software or the associated documentation is strictly prohibited.
Tool: Synplify Pro (R)
Build: V-2023.09M
Install: C:\Microchip\Libero_SoC_v2024.1\SynplifyPro
OS: Windows 10 or later
Hostname: CAG-LT-C77522

Implementation : synthesis

# Written on Tue Apr 23 13:53:55 2024

##### DESIGN INFO #######################################################

Top View:                "sos_blinker"
Constraint File(s):      "C:\Verilog_Projects\sos_blinker_evalboard\designer\sos_blinker\synthesis.fdc"




##### SUMMARY ############################################################

Found 0 issues in 0 out of 0 constraints


##### DETAILS ############################################################



Clock Relationships
*******************

Starting            Ending                                                  |     rise to rise     |     fall to fall     |     rise to fall     |     fall to rise                     
---------------------------------------------------------------------------------------------------------------------------------------------------------------------------------------
sos_blinker|clk     sos_blinker|clk                                         |     10.000           |     No paths         |     No paths         |     No paths                         
sos_blinker|clk     sos_blinker|un1_counter_rst_1_sqmuxa_inferred_clock     |     Diff grp         |     No paths         |     No paths         |     No paths                         
=======================================================================================================================================================================================
 Note: 'No paths' indicates there are no paths in the design for that pair of clock edges.
       'Diff grp' indicates that paths exist but the starting clock and ending clock are in different clock groups.


Unconstrained Start/End Points
******************************

p:led
p:rst


Inapplicable constraints
************************

(none)


Applicable constraints with issues
**********************************

(none)


Constraints with matching wildcard expressions
**********************************************

(none)


Library Report
**************


# End of Constraint Checker Report
